<?xml version="1.0" encoding="UTF-8"?>
<!-- Generated by org.testng.reporters.JUnitReportReporter -->
<testsuite hostname="DESKTOP-CT2HVE6" failures="0" tests="1" name="Academy.titleValidation" time="5.137" errors="0" timestamp="2022-11-08T00:58:33 BDT" skipped="0">
  <testcase classname="Academy.titleValidation" name="TitleValidations" time="5.137"/>
  <system-out/>
</testsuite> <!-- Academy.titleValidation -->
