<?xml version="1.0" encoding="UTF-8"?>
<!-- Generated by org.testng.reporters.JUnitReportReporter -->
<testsuite hostname="DESKTOP-CT2HVE6" failures="0" tests="1" name="Academy.Base" time="0.005" errors="0" timestamp="2022-10-30T00:57:53 BDT" skipped="0">
  <testcase classname="Academy.Base" name="browserInitialization" time="0.005"/>
  <system-out/>
</testsuite> <!-- Academy.Base -->
