<?xml version="1.0" encoding="UTF-8"?>
<!-- Generated by org.testng.reporters.JUnitReportReporter -->
<testsuite hostname="DESKTOP-CT2HVE6" failures="0" tests="1" name="Academy.Homepage" time="4.300" errors="0" timestamp="2022-11-08T00:58:33 BDT" skipped="0">
  <testcase classname="Academy.Homepage" name="LoginWithDataProviderData" time="4.300"/>
  <system-out/>
</testsuite> <!-- Academy.Homepage -->
