<?xml version="1.0" encoding="UTF-8"?>
<!-- Generated by org.testng.reporters.JUnitReportReporter -->
<testsuite hostname="DESKTOP-CT2HVE6" failures="0" tests="1" name="Academy.pageValidation" time="3.417" errors="0" timestamp="2022-11-08T01:39:00 BDT" skipped="0">
  <testcase classname="Academy.pageValidation" name="PageValidations" time="3.417"/>
  <system-out/>
</testsuite> <!-- Academy.pageValidation -->
